<?xml version="1.0" encoding="UTF-8"?>
<testsuite name="com.example.demo.DemoApplicationTests" tests="2" skipped="0" failures="0" errors="0" timestamp="2023-11-23T06:28:41" hostname="localhost.localdomain" time="1.434">
  <properties/>
  <testcase name="testCreatePerson()" classname="com.example.demo.DemoApplicationTests" time="1.377"/>
  <testcase name="runApiTests()" classname="com.example.demo.DemoApplicationTests" time="0.057"/>
  <system-out><![CDATA[11:58:39.419 [Test worker] INFO org.springframework.test.context.support.AnnotationConfigContextLoaderUtils -- Could not detect default configuration classes for test class [com.example.demo.DemoApplicationTests]: DemoApplicationTests does not declare any static, non-private, non-final, nested classes annotated with @Configuration.
11:58:39.497 [Test worker] INFO org.springframework.boot.test.context.SpringBootTestContextBootstrapper -- Found @SpringBootConfiguration com.example.demo.DemoApplication for test class com.example.demo.DemoApplicationTests

  .   ____          _            __ _ _
 /\\ / ___'_ __ _ _(_)_ __  __ _ \ \ \ \
( ( )\___ | '_ | '_| | '_ \/ _` | \ \ \ \
 \\/  ___)| |_)| | | | | || (_| |  ) ) ) )
  '  |____| .__|_| |_|_| |_\__, | / / / /
 =========|_|==============|___/=/_/_/_/
 :: Spring Boot ::       (v3.1.6-SNAPSHOT)

2023-11-23T11:58:39.812+05:30  INFO 79270 --- [    Test worker] com.example.demo.DemoApplicationTests    : Starting DemoApplicationTests using Java 17.0.8.1 with PID 79270 (started by libsys in /home/libsys/eclipse-workspace/demo)
2023-11-23T11:58:39.814+05:30  INFO 79270 --- [    Test worker] com.example.demo.DemoApplicationTests    : No active profile set, falling back to 1 default profile: "default"
2023-11-23T11:58:40.628+05:30  INFO 79270 --- [    Test worker] o.s.b.w.embedded.tomcat.TomcatWebServer  : Tomcat initialized with port(s): 0 (http)
2023-11-23T11:58:40.636+05:30  INFO 79270 --- [    Test worker] o.apache.catalina.core.StandardService   : Starting service [Tomcat]
2023-11-23T11:58:40.637+05:30  INFO 79270 --- [    Test worker] o.apache.catalina.core.StandardEngine    : Starting Servlet engine: [Apache Tomcat/10.1.16]
2023-11-23T11:58:40.717+05:30  INFO 79270 --- [    Test worker] o.a.c.c.C.[Tomcat].[localhost].[/]       : Initializing Spring embedded WebApplicationContext
2023-11-23T11:58:40.718+05:30  INFO 79270 --- [    Test worker] w.s.c.ServletWebServerApplicationContext : Root WebApplicationContext: initialization completed in 726 ms
2023-11-23T11:58:40.996+05:30  INFO 79270 --- [    Test worker] o.s.b.w.embedded.tomcat.TomcatWebServer  : Tomcat started on port(s): 38197 (http) with context path ''
2023-11-23T11:58:41.009+05:30  INFO 79270 --- [    Test worker] com.example.demo.DemoApplicationTests    : Started DemoApplicationTests in 1.408 seconds (process running for 2.279)
Request method:	GET
Request URI:	http://localhost:1790/list
Proxy:			<none>
Request params:	<none>
Query params:	<none>
Form params:	<none>
Path params:	<none>
Headers:		Accept=*/*
				Content-Type=application/json
Cookies:		<none>
Multiparts:		<none>
Body:			<none>
HTTP/1.1 200 
Content-Type: application/json
Transfer-Encoding: chunked
Date: Thu, 23 Nov 2023 06:28:42 GMT
Keep-Alive: timeout=60
Connection: keep-alive

[
    {
        "id": 1700715823154,
        "firstName": "this",
        "lastName": "katiyar"
    },
    {
        "id": 1700715826142,
        "firstName": "alsdk",
        "lastName": "katiyar"
    },
    {
        "id": 1700719730876,
        "firstName": "bby",
        "lastName": "don"
    },
    {
        "id": 1700719775302,
        "firstName": "bby",
        "lastName": "don"
    },
    {
        "id": 1700719812126,
        "firstName": null,
        "lastName": "don"
    },
    {
        "id": 1700720333392,
        "firstName": "bby",
        "lastName": "don"
    },
    {
        "id": 1700720358149,
        "firstName": "bby",
        "lastName": "don"
    },
    {
        "id": 1700720384682,
        "firstName": null,
        "lastName": null
    },
    {
        "id": 1700720560722,
        "firstName": null,
        "lastName": null
    },
    {
        "id": 1700720655743,
        "firstName": null,
        "lastName": null
    },
    {
        "id": 1700720922352,
        "firstName": "bby",
        "lastName": "don"
    }
]
]]></system-out>
  <system-err><![CDATA[]]></system-err>
</testsuite>
